# JRE version: Java(TM) SE Runtime Environment (17.0.4.1+1) (build 17.0.4.1+1-LTS-2)
# Java VM: Java HotSpot(TM) 64-Bit Server VM (17.0.4.1+1-LTS-2, mixed mode, sharing, tiered, compressed oops, compressed class ptrs, g1 gc, windows-amd64)
GC Precious Log:
 CPUs: 4 total, 4 available
 Memory: 8072M
 Large Page Support: Disabled
 NUMA Support: Disabled
 Compressed Oops: Enabled (32-bit)
 Heap Region Size: 1M
 Heap Min Capacity: 8M
 Heap Initial Capacity: 128M
 Heap Max Capacity: 2020M
 Pre-touch: Disabled
 Parallel Workers: 4
 Concurrent Workers: 1
 Concurrent Refinement Workers: 4
 Periodic GC: Disabled
Heap:
 garbage-first heap   total 49152K, used 33495K [0x0000000081c00000, 0x0000000100000000)
  region size 1024K, 15 young (15360K), 3 survivors (3072K)
 Metaspace       used 42271K, committed 42688K, reserved 1089536K
  class space    used 5502K, committed 5696K, reserved 1048576K
GC Heap History (20 events):
Event: 0.909 GC heap before
{Heap before GC invocations=1 (full 0):
 garbage-first heap   total 131072K, used 15932K [0x0000000081c00000, 0x0000000100000000)
  region size 1024K, 12 young (12288K), 2 survivors (2048K)
 Metaspace       used 5785K, committed 6016K, reserved 1056768K
  class space    used 675K, committed 768K, reserved 1048576K
}
Event: 0.914 GC heap after
{Heap after GC invocations=2 (full 0):
 garbage-first heap   total 131072K, used 6742K [0x0000000081c00000, 0x0000000100000000)
  region size 1024K, 1 young (1024K), 1 survivors (1024K)
 Metaspace       used 5785K, committed 6016K, reserved 1056768K
  class space    used 675K, committed 768K, reserved 1048576K
}
Event: 1.527 GC heap before
{Heap before GC invocations=2 (full 0):
 garbage-first heap   total 131072K, used 27222K [0x0000000081c00000, 0x0000000100000000)
  region size 1024K, 22 young (22528K), 1 survivors (1024K)
 Metaspace       used 11413K, committed 11648K, reserved 1064960K
  class space    used 1364K, committed 1472K, reserved 1048576K
}
Event: 1.532 GC heap after
{Heap after GC invocations=3 (full 0):
 garbage-first heap   total 131072K, used 8039K [0x0000000081c00000, 0x0000000100000000)
  region size 1024K, 3 young (3072K), 3 survivors (3072K)
 Metaspace       used 11413K, committed 11648K, reserved 1064960K
  class space    used 1364K, committed 1472K, reserved 1048576K
}
Event: 3.858 GC heap before
{Heap before GC invocations=3 (full 0):
 garbage-first heap   total 131072K, used 75623K [0x0000000081c00000, 0x0000000100000000)
  region size 1024K, 70 young (71680K), 3 survivors (3072K)
 Metaspace       used 21276K, committed 21504K, reserved 1073152K
  class space    used 2630K, committed 2752K, reserved 1048576K
}
Event: 3.873 GC heap after
{Heap after GC invocations=4 (full 0):
 garbage-first heap   total 131072K, used 12371K [0x0000000081c00000, 0x0000000100000000)
  region size 1024K, 7 young (7168K), 7 survivors (7168K)
 Metaspace       used 21276K, committed 21504K, reserved 1073152K
  class space    used 2630K, committed 2752K, reserved 1048576K
}
Event: 4.871 GC heap before
{Heap before GC invocations=5 (full 0):
 garbage-first heap   total 48128K, used 36947K [0x0000000081c00000, 0x0000000100000000)
  region size 1024K, 31 young (31744K), 7 survivors (7168K)
 Metaspace       used 25413K, committed 25664K, reserved 1073152K
  class space    used 3146K, committed 3264K, reserved 1048576K
}
Event: 4.897 GC heap after
{Heap after GC invocations=6 (full 0):
 garbage-first heap   total 49152K, used 15451K [0x0000000081c00000, 0x0000000100000000)
  region size 1024K, 8 young (8192K), 8 survivors (8192K)
 Metaspace       used 25413K, committed 25664K, reserved 1073152K
  class space    used 3146K, committed 3264K, reserved 1048576K
}
Event: 4.932 GC heap before
{Heap before GC invocations=6 (full 0):
 garbage-first heap   total 49152K, used 16475K [0x0000000081c00000, 0x0000000100000000)
  region size 1024K, 9 young (9216K), 8 survivors (8192K)
 Metaspace       used 25569K, committed 25856K, reserved 1073152K
  class space    used 3162K, committed 3328K, reserved 1048576K
}
Event: 4.951 GC heap after
{Heap after GC invocations=7 (full 0):
 garbage-first heap   total 49152K, used 15360K [0x0000000081c00000, 0x0000000100000000)
  region size 1024K, 1 young (1024K), 1 survivors (1024K)
 Metaspace       used 25569K, committed 25856K, reserved 1073152K
  class space    used 3162K, committed 3328K, reserved 1048576K
}
Event: 5.818 GC heap before
{Heap before GC invocations=7 (full 0):
 garbage-first heap   total 49152K, used 33792K [0x0000000081c00000, 0x0000000100000000)
  region size 1024K, 19 young (19456K), 1 survivors (1024K)
 Metaspace       used 28813K, committed 29184K, reserved 1081344K
  class space    used 3726K, committed 3904K, reserved 1048576K
}
Event: 5.827 GC heap after
{Heap after GC invocations=8 (full 0):
 garbage-first heap   total 49152K, used 16033K [0x0000000081c00000, 0x0000000100000000)
  region size 1024K, 2 young (2048K), 2 survivors (2048K)
 Metaspace       used 28813K, committed 29184K, reserved 1081344K
  class space    used 3726K, committed 3904K, reserved 1048576K
}
Event: 6.688 GC heap before
{Heap before GC invocations=8 (full 0):
 garbage-first heap   total 49152K, used 34465K [0x0000000081c00000, 0x0000000100000000)
  region size 1024K, 20 young (20480K), 2 survivors (2048K)
 Metaspace       used 31374K, committed 31744K, reserved 1081344K
  class space    used 4076K, committed 4288K, reserved 1048576K
}
Event: 6.696 GC heap after
{Heap after GC invocations=9 (full 0):
 garbage-first heap   total 49152K, used 17752K [0x0000000081c00000, 0x0000000100000000)
  region size 1024K, 3 young (3072K), 3 survivors (3072K)
 Metaspace       used 31374K, committed 31744K, reserved 1081344K
  class space    used 4076K, committed 4288K, reserved 1048576K
}
Event: 7.693 GC heap before
{Heap before GC invocations=9 (full 0):
 garbage-first heap   total 49152K, used 35160K [0x0000000081c00000, 0x0000000100000000)
  region size 1024K, 20 young (20480K), 3 survivors (3072K)
 Metaspace       used 34254K, committed 34688K, reserved 1081344K
  class space    used 4496K, committed 4736K, reserved 1048576K
}
Event: 7.700 GC heap after
{Heap after GC invocations=10 (full 0):
 garbage-first heap   total 49152K, used 19499K [0x0000000081c00000, 0x0000000100000000)
  region size 1024K, 2 young (2048K), 2 survivors (2048K)
 Metaspace       used 34254K, committed 34688K, reserved 1081344K
  class space    used 4496K, committed 4736K, reserved 1048576K
}
Event: 7.906 GC heap before
{Heap before GC invocations=10 (full 0):
 garbage-first heap   total 49152K, used 24619K [0x0000000081c00000, 0x0000000100000000)
  region size 1024K, 8 young (8192K), 2 survivors (2048K)
 Metaspace       used 35891K, committed 36288K, reserved 1081344K
  class space    used 4693K, committed 4928K, reserved 1048576K
}
Event: 7.914 GC heap after
{Heap after GC invocations=11 (full 0):
 garbage-first heap   total 49152K, used 20754K [0x0000000081c00000, 0x0000000100000000)
  region size 1024K, 2 young (2048K), 2 survivors (2048K)
 Metaspace       used 35891K, committed 36288K, reserved 1081344K
  class space    used 4693K, committed 4928K, reserved 1048576K
}
Event: 8.565 GC heap before
{Heap before GC invocations=12 (full 0):
 garbage-first heap   total 49152K, used 36114K [0x0000000081c00000, 0x0000000100000000)
  region size 1024K, 17 young (17408K), 2 survivors (2048K)
 Metaspace       used 39658K, committed 40064K, reserved 1089536K
  class space    used 5200K, committed 5376K, reserved 1048576K
}
Event: 8.571 GC heap after
{Heap after GC invocations=13 (full 0):
 garbage-first heap   total 49152K, used 22231K [0x0000000081c00000, 0x0000000100000000)
  region size 1024K, 3 young (3072K), 3 survivors (3072K)
 Metaspace       used 39658K, committed 40064K, reserved 1089536K
  class space    used 5200K, committed 5376K, reserved 1048576K
}

